<?xml version="1.0" encoding="UTF-8"?>
<testng-results ignored="0" total="1" passed="1" failed="0" skipped="0">
  <reporter-output>
  </reporter-output>
  <suite started-at="2021-09-24T20:46:22 BST" name="Test-class Suite" finished-at="2021-09-24T20:46:38 BST" duration-ms="15599">
    <groups>
      <group name="cucumber">
        <method signature="AbstractTestNGCucumberTests.runScenario(io.cucumber.testng.PickleWrapper,io.cucumber.testng.FeatureWrapper)[pri:0, instance:com.UI_Automation.runner.TestRunner@4387b79e]" name="runScenario" class="io.cucumber.testng.AbstractTestNGCucumberTests"/>
      </group> <!-- cucumber -->
    </groups>
    <test started-at="2021-09-24T20:46:22 BST" name="Test-class test" finished-at="2021-09-24T20:46:38 BST" duration-ms="15599">
      <class name="com.UI_Automation.runner.TestRunner">
        <test-method is-config="true" signature="setUpClass(org.testng.ITestContext)[pri:0, instance:com.UI_Automation.runner.TestRunner@4387b79e]" started-at="2021-09-24T20:46:22 BST" name="setUpClass" finished-at="2021-09-24T20:46:24 BST" duration-ms="1995" status="PASS">
          <params>
            <param index="0">
              <value>
                <![CDATA[org.testng.TestRunner@711d1a52]]>
              </value>
            </param>
          </params>
          <reporter-output>
          </reporter-output>
        </test-method> <!-- setUpClass -->
        <test-method signature="runScenario(io.cucumber.testng.PickleWrapper,io.cucumber.testng.FeatureWrapper)[pri:0, instance:com.UI_Automation.runner.TestRunner@4387b79e]" started-at="2021-09-24T20:46:24 BST" name="runScenario" description="Runs Cucumber Scenarios" data-provider="scenarios" finished-at="2021-09-24T20:46:37 BST" duration-ms="13239" status="PASS">
          <params>
            <param index="0">
              <value>
                <![CDATA["Enter the mandatory details in the form"]]>
              </value>
            </param>
            <param index="1">
              <value>
                <![CDATA["Optional[Get the Request call Back]"]]>
              </value>
            </param>
          </params>
          <reporter-output>
          </reporter-output>
        </test-method> <!-- runScenario -->
        <test-method is-config="true" signature="tearDownClass()[pri:0, instance:com.UI_Automation.runner.TestRunner@4387b79e]" started-at="2021-09-24T20:46:37 BST" name="tearDownClass" finished-at="2021-09-24T20:46:38 BST" duration-ms="233" status="PASS">
          <reporter-output>
          </reporter-output>
        </test-method> <!-- tearDownClass -->
      </class> <!-- com.UI_Automation.runner.TestRunner -->
    </test> <!-- Test-class test -->
  </suite> <!-- Test-class Suite -->
</testng-results>
