<?xml version="1.0" encoding="UTF-8"?>
<testng-results ignored="0" total="1" passed="1" failed="0" skipped="0">
  <reporter-output>
  </reporter-output>
  <suite started-at="2021-09-25T12:55:55 BST" name="Surefire suite" finished-at="2021-09-25T12:56:32 BST" duration-ms="36458">
    <groups>
      <group name="cucumber">
        <method signature="AbstractTestNGCucumberTests.runScenario(io.cucumber.testng.PickleWrapper,io.cucumber.testng.FeatureWrapper)[pri:0, instance:com.UI_Automation.runner.TestRunner@add0edd]" name="runScenario" class="io.cucumber.testng.AbstractTestNGCucumberTests"/>
      </group> <!-- cucumber -->
    </groups>
    <test started-at="2021-09-25T12:55:55 BST" name="Surefire test" finished-at="2021-09-25T12:56:32 BST" duration-ms="36458">
      <class name="com.UI_Automation.runner.TestRunner">
        <test-method is-config="true" signature="setUpClass(org.testng.ITestContext)[pri:0, instance:com.UI_Automation.runner.TestRunner@add0edd]" started-at="2021-09-25T12:55:55 BST" name="setUpClass" finished-at="2021-09-25T12:55:57 BST" duration-ms="1525" status="PASS">
          <params>
            <param index="0">
              <value>
                <![CDATA[org.testng.TestRunner@36a6bea6]]>
              </value>
            </param>
          </params>
          <reporter-output>
          </reporter-output>
        </test-method> <!-- setUpClass -->
        <test-method signature="runScenario(io.cucumber.testng.PickleWrapper,io.cucumber.testng.FeatureWrapper)[pri:0, instance:com.UI_Automation.runner.TestRunner@add0edd]" started-at="2021-09-25T12:55:57 BST" name="runScenario" description="Runs Cucumber Scenarios" data-provider="scenarios" finished-at="2021-09-25T12:56:31 BST" duration-ms="34661" status="PASS">
          <params>
            <param index="0">
              <value>
                <![CDATA["Enter the mandatory details in the form"]]>
              </value>
            </param>
            <param index="1">
              <value>
                <![CDATA["Optional[Get the Request call Back]"]]>
              </value>
            </param>
          </params>
          <reporter-output>
          </reporter-output>
        </test-method> <!-- runScenario -->
        <test-method is-config="true" signature="tearDownClass()[pri:0, instance:com.UI_Automation.runner.TestRunner@add0edd]" started-at="2021-09-25T12:56:31 BST" name="tearDownClass" finished-at="2021-09-25T12:56:32 BST" duration-ms="179" status="PASS">
          <reporter-output>
          </reporter-output>
        </test-method> <!-- tearDownClass -->
      </class> <!-- com.UI_Automation.runner.TestRunner -->
    </test> <!-- Surefire test -->
  </suite> <!-- Surefire suite -->
</testng-results>
