<?xml version="1.0" encoding="UTF-8"?>
<testsuite xmlns:xsi="http://www.w3.org/2001/XMLSchema-instance" xsi:noNamespaceSchemaLocation="https://maven.apache.org/surefire/maven-surefire-plugin/xsd/surefire-test-report-3.0.xsd" version="3.0" name="com.UI_Automation.runner.TestRunner" time="29.959" tests="1" errors="0" skipped="0" failures="1">
  <properties>
[...]
</properties>
  <testcase name="runScenario[&quot;Enter the mandatory details in the form&quot;, &quot;Optional[Get the Request call Back]&quot;](1)" classname="com.UI_Automation.runner.TestRunner" time="26.54">
    <failure message="Element &lt;select id=&quot;ReasonForEnquiry&quot; class=&quot;input-select js-select js-select-init&quot; name=&quot;ReasonForEnquiry&quot;&gt; is not clickable at point (1197,30) because another element &lt;ul class=&quot;utility-nav__list&quot;&gt; obscures it&#10;Build info: version: &apos;4.0.0-alpha-7&apos;, revision: &apos;de8579b6d5&apos;&#10;System info: host: &apos;LAPTOP-BFGT652G&apos;, ip: &apos;192.168.191.12&apos;, os.name: &apos;Windows 10&apos;, os.arch: &apos;amd64&apos;, os.version: &apos;10.0&apos;, java.version: &apos;16.0.1&apos;&#10;Driver info: org.openqa.selenium.firefox.FirefoxDriver&#10;Capabilities {acceptInsecureCerts: true, browserName: firefox, browserVersion: 92.0.1, javascriptEnabled: true, moz:accessibilityChecks: false, moz:buildID: 20210922161155, moz:geckodriverVersion: 0.30.0, moz:headless: false, moz:processID: 23436, moz:profile: C:\Windows\Temp\rust_mozpro..., moz:shutdownTimeout: 60000, moz:useNonSpecCompliantPointerOrigin: false, moz:webdriverClick: true, pageLoadStrategy: normal, platform: WINDOWS, platformName: WINDOWS, platformVersion: 10.0, proxy: Proxy(), setWindowRect: true, strictFileInteractability: false, timeouts: {implicit: 0, pageLoad: 300000, script: 30000}, unhandledPromptBehavior: dismiss and notify}&#10;Session ID: 858ca75e-e4d3-4e42-98f8-e0d1c90712e7" type="org.openqa.selenium.ElementClickInterceptedException"><![CDATA[org.openqa.selenium.ElementClickInterceptedException: 
Element <select id="ReasonForEnquiry" class="input-select js-select js-select-init" name="ReasonForEnquiry"> is not clickable at point (1197,30) because another element <ul class="utility-nav__list"> obscures it
Build info: version: '4.0.0-alpha-7', revision: 'de8579b6d5'
System info: host: 'LAPTOP-BFGT652G', ip: '192.168.191.12', os.name: 'Windows 10', os.arch: 'amd64', os.version: '10.0', java.version: '16.0.1'
Driver info: org.openqa.selenium.firefox.FirefoxDriver
Capabilities {acceptInsecureCerts: true, browserName: firefox, browserVersion: 92.0.1, javascriptEnabled: true, moz:accessibilityChecks: false, moz:buildID: 20210922161155, moz:geckodriverVersion: 0.30.0, moz:headless: false, moz:processID: 23436, moz:profile: C:\Windows\Temp\rust_mozpro..., moz:shutdownTimeout: 60000, moz:useNonSpecCompliantPointerOrigin: false, moz:webdriverClick: true, pageLoadStrategy: normal, platform: WINDOWS, platformName: WINDOWS, platformVersion: 10.0, proxy: Proxy(), setWindowRect: true, strictFileInteractability: false, timeouts: {implicit: 0, pageLoad: 300000, script: 30000}, unhandledPromptBehavior: dismiss and notify}
Session ID: 858ca75e-e4d3-4e42-98f8-e0d1c90712e7
]]></failure>
    <system-out><![CDATA[
@Enter_Form_Details
Scenario Outline: Enter the mandatory details in the form                                                                                          # features/Request_Call_Back.feature:11
  Given User is in Contact-us page                                                                                                                 # com.UI_Automation.stepdef.Request_call_back_stepdef.user_is_in_contact_us_page()
  When User enters the below details in the Request Call back form "Navitha","Muniraju","m.navitha9@gmail.com","07423211356","4 PM","Conveyancing" # com.UI_Automation.stepdef.Request_call_back_stepdef.user_enters_the_below_details_in_the_request_call_back_form(java.lang.String,java.lang.String,java.lang.String,java.lang.String,java.lang.String,java.lang.String)
      org.openqa.selenium.ElementClickInterceptedException: Element <select id="ReasonForEnquiry" class="input-select js-select js-select-init" name="ReasonForEnquiry"> is not clickable at point (1197,30) because another element <ul class="utility-nav__list"> obscures it
Build info: version: '4.0.0-alpha-7', revision: 'de8579b6d5'
System info: host: 'LAPTOP-BFGT652G', ip: '192.168.191.12', os.name: 'Windows 10', os.arch: 'amd64', os.version: '10.0', java.version: '16.0.1'
Driver info: org.openqa.selenium.firefox.FirefoxDriver
Capabilities {acceptInsecureCerts: true, browserName: firefox, browserVersion: 92.0.1, javascriptEnabled: true, moz:accessibilityChecks: false, moz:buildID: 20210922161155, moz:geckodriverVersion: 0.30.0, moz:headless: false, moz:processID: 23436, moz:profile: C:\Windows\Temp\rust_mozpro..., moz:shutdownTimeout: 60000, moz:useNonSpecCompliantPointerOrigin: false, moz:webdriverClick: true, pageLoadStrategy: normal, platform: WINDOWS, platformName: WINDOWS, platformVersion: 10.0, proxy: Proxy(), setWindowRect: true, strictFileInteractability: false, timeouts: {implicit: 0, pageLoad: 300000, script: 30000}, unhandledPromptBehavior: dismiss and notify}
Session ID: 858ca75e-e4d3-4e42-98f8-e0d1c90712e7
	at java.base/jdk.internal.reflect.NativeConstructorAccessorImpl.newInstance0(Native Method)
	at java.base/jdk.internal.reflect.NativeConstructorAccessorImpl.newInstance(NativeConstructorAccessorImpl.java:78)
	at java.base/jdk.internal.reflect.DelegatingConstructorAccessorImpl.newInstance(DelegatingConstructorAccessorImpl.java:45)
	at java.base/java.lang.reflect.Constructor.newInstanceWithCaller(Constructor.java:499)
	at java.base/java.lang.reflect.Constructor.newInstance(Constructor.java:480)
	at org.openqa.selenium.remote.codec.w3c.W3CHttpResponseCodec.createException(W3CHttpResponseCodec.java:196)
	at org.openqa.selenium.remote.codec.w3c.W3CHttpResponseCodec.decode(W3CHttpResponseCodec.java:129)
	at org.openqa.selenium.remote.codec.w3c.W3CHttpResponseCodec.decode(W3CHttpResponseCodec.java:53)
	at org.openqa.selenium.remote.HttpCommandExecutor.execute(HttpCommandExecutor.java:167)
	at org.openqa.selenium.remote.service.DriverCommandExecutor.execute(DriverCommandExecutor.java:123)
	at org.openqa.selenium.remote.RemoteWebDriver.execute(RemoteWebDriver.java:501)
	at org.openqa.selenium.remote.RemoteWebElement.execute(RemoteWebElement.java:238)
	at org.openqa.selenium.remote.RemoteWebElement.click(RemoteWebElement.java:79)
	at org.openqa.selenium.support.ui.Select.setSelected(Select.java:315)
	at org.openqa.selenium.support.ui.Select.selectByVisibleText(Select.java:117)
	at com.UI_Automation.pages.Form_Details.form_details(Form_Details.java:31)
	at com.UI_Automation.stepdef.Request_call_back_stepdef.user_enters_the_below_details_in_the_request_call_back_form(Request_call_back_stepdef.java:28)
	at âœ½.User enters the below details in the Request Call back form "Navitha","Muniraju","m.navitha9@gmail.com","07423211356","4 PM","Conveyancing"(file:///C:/Users/mnavi/IdeaProjects/MortgageAdviseBureau_Project/features/Request_Call_Back.feature:6)

  Then user should be able to see the entered details in the form                                                                                  # com.UI_Automation.stepdef.Request_call_back_stepdef.user_should_be_able_to_see_the_entered_details_in_the_form()
      java.lang.NullPointerException: Cannot invoke "org.openqa.selenium.TakesScreenshot.getScreenshotAs(org.openqa.selenium.OutputType)" because the return value of "com.UI_Automation.stepdef.Hook.getDriver()" is null
	at com.UI_Automation.stepdef.Hook.tearDown(Hook.java:15)

]]></system-out>
    <system-err><![CDATA[SLF4J: Failed to load class "org.slf4j.impl.StaticLoggerBinder".
SLF4J: Defaulting to no-operation (NOP) logger implementation
SLF4J: See http://www.slf4j.org/codes.html#StaticLoggerBinder for further details.
1632578170995	geckodriver	INFO	Listening on 127.0.0.1:48345
1632578172185	mozrunner::runner	INFO	Running command: "C:\\Program Files\\Mozilla Firefox\\firefox.exe" "--marionette" "-no-remote" "-profile" "C:\\WINDOWS\\TEMP\\rust_mozprofile4NOhGE"
1632578173243	Marionette	INFO	Marionette enabled
console.warn: SearchSettings: "get: No settings file exists, new profile?" (new NotFoundError("Could not open the file at C:\\Windows\\Temp\\rust_mozprofile4NOhGE\\search.json.mozlz4", (void 0)))
1632578178922	Marionette	INFO	Listening on port 55065
1632578179216	RemoteAgent	WARN	TLS certificate errors will be ignored for this session
Sept 25, 2021 2:56:19 PM org.openqa.selenium.remote.ProtocolHandshake createSession
INFO: Detected dialect: W3C
JavaScript error: https://www.mortgageadvicebureau.com/assets/js/vendor/frame-manager.js?v=1.2, line 1: TypeError: tmpSrc is undefined
JavaScript error: https://www.mortgageadvicebureau.com/assets/js/vendor/frame-manager.js?v=1.2, line 1: TypeError: tmpSrc is undefined
JavaScript error: https://www.mortgageadvicebureau.com/assets/js/vendor/frame-manager.js?v=1.2, line 1: TypeError: tmpSrc is undefined
JavaScript error: https://www.mortgageadvicebureau.com/assets/js/vendor/frame-manager.js?v=1.2, line 1: TypeError: tmpSrc is undefined
JavaScript error: https://www.mortgageadvicebureau.com/assets/js/vendor/frame-manager.js?v=1.2, line 1: TypeError: tmpSrc is undefined
JavaScript error: https://www.mortgageadvicebureau.com/assets/js/vendor/frame-manager.js?v=1.2, line 1: TypeError: tmpSrc is undefined
JavaScript error: https://www.mortgageadvicebureau.com/assets/js/vendor/frame-manager.js?v=1.2, line 1: TypeError: tmpSrc is undefined
JavaScript error: https://www.mortgageadvicebureau.com/assets/js/vendor/frame-manager.js?v=1.2, line 1: TypeError: tmpSrc is undefined
JavaScript error: https://www.mortgageadvicebureau.com/assets/js/vendor/frame-manager.js?v=1.2, line 1: TypeError: tmpSrc is undefined
JavaScript error: https://www.mortgageadvicebureau.com/assets/js/vendor/frame-manager.js?v=1.2, line 1: TypeError: tmpSrc is undefined
JavaScript error: https://www.mortgageadvicebureau.com/assets/js/vendor/frame-manager.js?v=1.2, line 1: TypeError: tmpSrc is undefined
JavaScript error: https://www.mortgageadvicebureau.com/assets/js/vendor/frame-manager.js?v=1.2, line 1: TypeError: tmpSrc is undefined
]]></system-err>
  </testcase>
</testsuite>